<?xml version="1.0" encoding="UTF-8"?>
<!-- Generated by org.testng.reporters.JUnitReportReporter -->
<testsuite hostname="Sukanya" failures="0" tests="1" name="org.sspart.gmailLogin.AlertsTestNG" time="35.549" errors="0" timestamp="01 Apr 2019 18:57:57 GMT" skipped="0">
  <testcase classname="org.sspart.gmailLogin.AlertsTestNG" name="openUrl" time="35.549"/>
</testsuite> <!-- org.sspart.gmailLogin.AlertsTestNG -->
